{"C:\\Users\\kruna\\Desktop\\Assestment Submission\\Stringcalculator\\src\\stringCalc.js": {"path":"C:\\Users\\kruna\\Desktop\\Assestment Submission\\Stringcalculator\\src\\stringCalc.js","statementMap":{"0":{"start":{"line":2,"column":2},"end":{"line":2,"column":25}},"1":{"start":{"line":2,"column":16},"end":{"line":2,"column":25}},"2":{"start":{"line":4,"column":19},"end":{"line":4,"column":26}},"3":{"start":{"line":5,"column":2},"end":{"line":9,"column":3}},"4":{"start":{"line":6,"column":29},"end":{"line":6,"column":62}},"5":{"start":{"line":7,"column":4},"end":{"line":7,"column":50}},"6":{"start":{"line":8,"column":4},"end":{"line":8,"column":19}},"7":{"start":{"line":11,"column":16},"end":{"line":11,"column":53}},"8":{"start":{"line":12,"column":20},"end":{"line":12,"column":44}},"9":{"start":{"line":12,"column":38},"end":{"line":12,"column":43}},"10":{"start":{"line":14,"column":2},"end":{"line":16,"column":3}},"11":{"start":{"line":15,"column":4},"end":{"line":15,"column":70}},"12":{"start":{"line":18,"column":2},"end":{"line":18,"column":66}},"13":{"start":{"line":18,"column":35},"end":{"line":18,"column":60}},"14":{"start":{"line":23,"column":2},"end":{"line":23,"column":54}},"15":{"start":{"line":28,"column":0},"end":{"line":28,"column":25}}},"fnMap":{"0":{"name":"Add","decl":{"start":{"line":1,"column":9},"end":{"line":1,"column":12}},"loc":{"start":{"line":1,"column":22},"end":{"line":19,"column":1}},"line":1},"1":{"name":"(anonymous_1)","decl":{"start":{"line":12,"column":33},"end":{"line":12,"column":34}},"loc":{"start":{"line":12,"column":38},"end":{"line":12,"column":43}},"line":12},"2":{"name":"(anonymous_2)","decl":{"start":{"line":18,"column":22},"end":{"line":18,"column":23}},"loc":{"start":{"line":18,"column":35},"end":{"line":18,"column":60}},"line":18},"3":{"name":"escape","decl":{"start":{"line":22,"column":9},"end":{"line":22,"column":15}},"loc":{"start":{"line":22,"column":21},"end":{"line":24,"column":1}},"line":22}},"branchMap":{"0":{"loc":{"start":{"line":2,"column":2},"end":{"line":2,"column":25}},"type":"if","locations":[{"start":{"line":2,"column":2},"end":{"line":2,"column":25}},{"start":{},"end":{}}],"line":2},"1":{"loc":{"start":{"line":5,"column":2},"end":{"line":9,"column":3}},"type":"if","locations":[{"start":{"line":5,"column":2},"end":{"line":9,"column":3}},{"start":{},"end":{}}],"line":5},"2":{"loc":{"start":{"line":14,"column":2},"end":{"line":16,"column":3}},"type":"if","locations":[{"start":{"line":14,"column":2},"end":{"line":16,"column":3}},{"start":{},"end":{}}],"line":14},"3":{"loc":{"start":{"line":18,"column":35},"end":{"line":18,"column":60}},"type":"cond-expr","locations":[{"start":{"line":18,"column":47},"end":{"line":18,"column":54}},{"start":{"line":18,"column":57},"end":{"line":18,"column":60}}],"line":18}},"s":{"0":11,"1":1,"2":10,"3":10,"4":4,"5":4,"6":4,"7":10,"8":10,"9":32,"10":10,"11":1,"12":9,"13":29,"14":4,"15":1},"f":{"0":11,"1":32,"2":29,"3":4},"b":{"0":[1,10],"1":[4,6],"2":[1,9],"3":[28,1]},"_coverageSchema":"1a1c01bbd47fc00a2c39e90264f33305004495a9","hash":"bd0b2b39d2c6fbd77d014780f6ae1f20678bde2a"}
}
